This file contains any messages produced by compilers while
running configure, to aid debugging if configure makes a mistake.

It was created by configure, which was
generated by GNU Autoconf 2.52.20030208.  Invocation command line was

  $ ../configure ../progs/Makefile

## ---------- ##
## Platform.  ##
## ---------- ##

hostname = debvs
uname -m = i686
uname -r = 2.6.8
uname -s = Linux
uname -v = #9 Wed Aug 10 19:45:18 MSD 2005

/usr/bin/uname -p = unknown
/bin/uname -X     = unknown

/bin/arch              = i686
/usr/bin/arch -k       = unknown
/usr/convex/getsysinfo = unknown
hostinfo               = unknown
/bin/machine           = unknown
/usr/bin/oslevel       = unknown
/bin/universe          = unknown

PATH = /sbin:/bin:/usr/sbin:/usr/bin:/usr/bin/X11:/usr/local/sbin:/usr/local/bin

## ------------ ##
## Core tests.  ##
## ------------ ##

configure:1029: PATH=".;."; conftest.sh
../configure: line 1030: conftest.sh: command not found
configure:1032: $? = 127
configure:1049: result: Configuring NCURSES 5.4 ABI 5 (Fri Sep 30 17:27:44 MSD 2005)
configure:1154: checking build system type
configure:1167: error: /bin/sh ../config.sub ../progs/Makefile failed.

## ----------------- ##
## Cache variables.  ##
## ----------------- ##

ac_cv_build=
ac_cv_build_alias=../progs/Makefile
ac_cv_env_CC_set=
ac_cv_env_CC_value=
ac_cv_env_CFLAGS_set=
ac_cv_env_CFLAGS_value=
ac_cv_env_CPPFLAGS_set=
ac_cv_env_CPPFLAGS_value=
ac_cv_env_CPP_set=
ac_cv_env_CPP_value=
ac_cv_env_CXXCPP_set=
ac_cv_env_CXXCPP_value=
ac_cv_env_CXXFLAGS_set=
ac_cv_env_CXXFLAGS_value=
ac_cv_env_CXX_set=
ac_cv_env_CXX_value=
ac_cv_env_LDFLAGS_set=
ac_cv_env_LDFLAGS_value=
ac_cv_env_build_alias_set=set
ac_cv_env_build_alias_value=../progs/Makefile
ac_cv_env_host_alias_set=set
ac_cv_env_host_alias_value=../progs/Makefile
ac_cv_env_target_alias_set=set
ac_cv_env_target_alias_value=../progs/Makefile
cf_cv_abi_version=5
cf_cv_rel_version=5.4
cf_cv_timestamp='Fri Sep 30 17:27:44 MSD 2005'


configure: exit 1
